<?xml version="1.0" encoding="UTF-8"?>
<testsuite xmlns:xsi="http://www.w3.org/2001/XMLSchema-instance" xsi:noNamespaceSchemaLocation="https://maven.apache.org/surefire/maven-surefire-plugin/xsd/surefire-test-report.xsd" name="wad.tododatabase.TodoDatabaseTest" time="0.509" tests="1" errors="1" skipped="0" failures="0">
  <properties>
[...]
</properties>
  <testcase name="initializationError" classname="wad.tododatabase.TodoDatabaseTest" time="0.006">
    <error message="Unable to find a @SpringBootConfiguration, you need to use @ContextConfiguration or @SpringBootTest(classes=...) with your test" type="java.lang.IllegalStateException">java.lang.IllegalStateException: Unable to find a @SpringBootConfiguration, you need to use @ContextConfiguration or @SpringBootTest(classes=...) with your test
</error>
    <system-out><![CDATA[21:05:44.186 [main] DEBUG org.springframework.test.context.junit4.SpringJUnit4ClassRunner - SpringJUnit4ClassRunner constructor called with [class wad.tododatabase.TodoDatabaseTest]
21:05:44.195 [main] DEBUG org.springframework.test.context.BootstrapUtils - Instantiating CacheAwareContextLoaderDelegate from class [org.springframework.test.context.cache.DefaultCacheAwareContextLoaderDelegate]
21:05:44.204 [main] DEBUG org.springframework.test.context.BootstrapUtils - Instantiating BootstrapContext using constructor [public org.springframework.test.context.support.DefaultBootstrapContext(java.lang.Class,org.springframework.test.context.CacheAwareContextLoaderDelegate)]
21:05:44.233 [main] DEBUG org.springframework.test.context.BootstrapUtils - Instantiating TestContextBootstrapper for test class [wad.tododatabase.TodoDatabaseTest] from class [org.springframework.boot.test.context.SpringBootTestContextBootstrapper]
21:05:44.250 [main] INFO org.springframework.boot.test.context.SpringBootTestContextBootstrapper - Neither @ContextConfiguration nor @ContextHierarchy found for test class [wad.tododatabase.TodoDatabaseTest], using SpringBootContextLoader
21:05:44.256 [main] DEBUG org.springframework.test.context.support.AbstractContextLoader - Did not detect default resource location for test class [wad.tododatabase.TodoDatabaseTest]: class path resource [wad/tododatabase/TodoDatabaseTest-context.xml] does not exist
21:05:44.256 [main] DEBUG org.springframework.test.context.support.AbstractContextLoader - Did not detect default resource location for test class [wad.tododatabase.TodoDatabaseTest]: class path resource [wad/tododatabase/TodoDatabaseTestContext.groovy] does not exist
21:05:44.256 [main] INFO org.springframework.test.context.support.AbstractContextLoader - Could not detect default resource locations for test class [wad.tododatabase.TodoDatabaseTest]: no resource found for suffixes {-context.xml, Context.groovy}.
21:05:44.257 [main] INFO org.springframework.test.context.support.AnnotationConfigContextLoaderUtils - Could not detect default configuration classes for test class [wad.tododatabase.TodoDatabaseTest]: TodoDatabaseTest does not declare any static, non-private, non-final, nested classes annotated with @Configuration.
21:05:44.306 [main] DEBUG org.springframework.test.context.support.ActiveProfilesUtils - Could not find an 'annotation declaring class' for annotation type [org.springframework.test.context.ActiveProfiles] and class [wad.tododatabase.TodoDatabaseTest]
21:05:44.313 [main] DEBUG org.springframework.core.env.StandardEnvironment - Adding PropertySource 'systemProperties' with lowest search precedence
21:05:44.314 [main] DEBUG org.springframework.core.env.StandardEnvironment - Adding PropertySource 'systemEnvironment' with lowest search precedence
21:05:44.315 [main] DEBUG org.springframework.core.env.StandardEnvironment - Initialized StandardEnvironment with PropertySources [MapPropertySource@898406901 {name='systemProperties', properties={java.runtime.name=Java(TM) SE Runtime Environment, sun.boot.library.path=/usr/lib/jvm/java-8-oracle/jre/lib/amd64, java.vm.version=25.151-b12, java.vm.vendor=Oracle Corporation, java.vendor.url=http://java.oracle.com/, path.separator=:, java.vm.name=Java HotSpot(TM) 64-Bit Server VM, file.encoding.pkg=sun.io, user.country=US, sun.java.launcher=SUN_STANDARD, sun.os.patch.level=unknown, java.vm.specification.name=Java Virtual Machine Specification, user.dir=/home/riku/NetBeansProjects/Wepa-harjoitustyö, java.runtime.version=1.8.0_151-b12, basedir=/home/riku/NetBeansProjects/Wepa-harjoitustyö, java.awt.graphicsenv=sun.awt.X11GraphicsEnvironment, java.endorsed.dirs=/usr/lib/jvm/java-8-oracle/jre/lib/endorsed, os.arch=amd64, surefire.real.class.path=/home/riku/NetBeansProjects/Wepa-harjoitustyö/target/surefire/surefirebooter3153450913529194743.jar, java.io.tmpdir=/tmp, line.separator=
, java.vm.specification.vendor=Oracle Corporation, os.name=Linux, maven.ext.class.path=/home/riku/tmc/java/maven-nblib/netbeans-eventspy.jar, sun.jnu.encoding=UTF-8, java.library.path=/usr/lib/jvm/java-8-oracle/bin/../jre/lib/amd64:/usr/lib/jvm/java-8-oracle/bin/../jre/lib/i386::/usr/java/packages/lib/amd64:/usr/lib64:/lib64:/lib:/usr/lib, surefire.test.class.path=/home/riku/NetBeansProjects/Wepa-harjoitustyö/target/test-classes:/home/riku/NetBeansProjects/Wepa-harjoitustyö/target/classes:/home/riku/.m2/repository/org/springframework/boot/spring-boot-starter-web/2.0.0.M7/spring-boot-starter-web-2.0.0.M7.jar:/home/riku/.m2/repository/org/springframework/boot/spring-boot-starter/2.0.0.M7/spring-boot-starter-2.0.0.M7.jar:/home/riku/.m2/repository/org/springframework/boot/spring-boot-starter-logging/2.0.0.M7/spring-boot-starter-logging-2.0.0.M7.jar:/home/riku/.m2/repository/ch/qos/logback/logback-classic/1.2.3/logback-classic-1.2.3.jar:/home/riku/.m2/repository/ch/qos/logback/logback-core/1.2.3/logback-core-1.2.3.jar:/home/riku/.m2/repository/org/apache/logging/log4j/log4j-to-slf4j/2.10.0/log4j-to-slf4j-2.10.0.jar:/home/riku/.m2/repository/org/apache/logging/log4j/log4j-api/2.10.0/log4j-api-2.10.0.jar:/home/riku/.m2/repository/org/slf4j/jul-to-slf4j/1.7.25/jul-to-slf4j-1.7.25.jar:/home/riku/.m2/repository/javax/annotation/javax.annotation-api/1.3.1/javax.annotation-api-1.3.1.jar:/home/riku/.m2/repository/org/yaml/snakeyaml/1.19/snakeyaml-1.19.jar:/home/riku/.m2/repository/org/springframework/boot/spring-boot-starter-json/2.0.0.M7/spring-boot-starter-json-2.0.0.M7.jar:/home/riku/.m2/repository/com/fasterxml/jackson/core/jackson-databind/2.9.2/jackson-databind-2.9.2.jar:/home/riku/.m2/repository/com/fasterxml/jackson/core/jackson-annotations/2.9.0/jackson-annotations-2.9.0.jar:/home/riku/.m2/repository/com/fasterxml/jackson/core/jackson-core/2.9.2/jackson-core-2.9.2.jar:/home/riku/.m2/repository/com/fasterxml/jackson/datatype/jackson-datatype-jdk8/2.9.2/jackson-datatype-jdk8-2.9.2.jar:/home/riku/.m2/repository/com/fasterxml/jackson/datatype/jackson-datatype-jsr310/2.9.2/jackson-datatype-jsr310-2.9.2.jar:/home/riku/.m2/repository/com/fasterxml/jackson/module/jackson-module-parameter-names/2.9.2/jackson-module-parameter-names-2.9.2.jar:/home/riku/.m2/repository/org/springframework/boot/spring-boot-starter-tomcat/2.0.0.M7/spring-boot-starter-tomcat-2.0.0.M7.jar:/home/riku/.m2/repository/org/apache/tomcat/embed/tomcat-embed-core/8.5.23/tomcat-embed-core-8.5.23.jar:/home/riku/.m2/repository/org/apache/tomcat/tomcat-annotations-api/8.5.23/tomcat-annotations-api-8.5.23.jar:/home/riku/.m2/repository/org/apache/tomcat/embed/tomcat-embed-el/8.5.23/tomcat-embed-el-8.5.23.jar:/home/riku/.m2/repository/org/apache/tomcat/embed/tomcat-embed-websocket/8.5.23/tomcat-embed-websocket-8.5.23.jar:/home/riku/.m2/repository/org/hibernate/validator/hibernate-validator/6.0.5.Final/hibernate-validator-6.0.5.Final.jar:/home/riku/.m2/repository/javax/validation/validation-api/2.0.0.Final/validation-api-2.0.0.Final.jar:/home/riku/.m2/repository/org/jboss/logging/jboss-logging/3.3.1.Final/jboss-logging-3.3.1.Final.jar:/home/riku/.m2/repository/com/fasterxml/classmate/1.3.4/classmate-1.3.4.jar:/home/riku/.m2/repository/org/springframework/spring-web/5.0.2.RELEASE/spring-web-5.0.2.RELEASE.jar:/home/riku/.m2/repository/org/springframework/spring-beans/5.0.2.RELEASE/spring-beans-5.0.2.RELEASE.jar:/home/riku/.m2/repository/org/springframework/spring-webmvc/5.0.2.RELEASE/spring-webmvc-5.0.2.RELEASE.jar:/home/riku/.m2/repository/org/springframework/spring-aop/5.0.2.RELEASE/spring-aop-5.0.2.RELEASE.jar:/home/riku/.m2/repository/org/springframework/spring-context/5.0.2.RELEASE/spring-context-5.0.2.RELEASE.jar:/home/riku/.m2/repository/org/springframework/spring-expression/5.0.2.RELEASE/spring-expression-5.0.2.RELEASE.jar:/home/riku/.m2/repository/org/springframework/boot/spring-boot-starter-thymeleaf/2.0.0.M7/spring-boot-starter-thymeleaf-2.0.0.M7.jar:/home/riku/.m2/repository/org/thymeleaf/thymeleaf-spring5/3.0.9.RELEASE/thymeleaf-spring5-3.0.9.RELEASE.jar:/home/riku/.m2/repository/org/thymeleaf/thymeleaf/3.0.9.RELEASE/thymeleaf-3.0.9.RELEASE.jar:/home/riku/.m2/repository/org/attoparser/attoparser/2.0.4.RELEASE/attoparser-2.0.4.RELEASE.jar:/home/riku/.m2/repository/org/unbescape/unbescape/1.1.5.RELEASE/unbescape-1.1.5.RELEASE.jar:/home/riku/.m2/repository/org/slf4j/slf4j-api/1.7.25/slf4j-api-1.7.25.jar:/home/riku/.m2/repository/org/thymeleaf/extras/thymeleaf-extras-java8time/3.0.1.RELEASE/thymeleaf-extras-java8time-3.0.1.RELEASE.jar:/home/riku/.m2/repository/org/springframework/boot/spring-boot-starter-data-jpa/2.0.0.M7/spring-boot-starter-data-jpa-2.0.0.M7.jar:/home/riku/.m2/repository/org/springframework/boot/spring-boot-starter-aop/2.0.0.M7/spring-boot-starter-aop-2.0.0.M7.jar:/home/riku/.m2/repository/org/aspectj/aspectjweaver/1.8.13/aspectjweaver-1.8.13.jar:/home/riku/.m2/repository/org/springframework/boot/spring-boot-starter-jdbc/2.0.0.M7/spring-boot-starter-jdbc-2.0.0.M7.jar:/home/riku/.m2/repository/com/zaxxer/HikariCP/2.7.4/HikariCP-2.7.4.jar:/home/riku/.m2/repository/org/springframework/spring-jdbc/5.0.2.RELEASE/spring-jdbc-5.0.2.RELEASE.jar:/home/riku/.m2/repository/org/hibernate/hibernate-core/5.2.12.Final/hibernate-core-5.2.12.Final.jar:/home/riku/.m2/repository/org/hibernate/javax/persistence/hibernate-jpa-2.1-api/1.0.0.Final/hibernate-jpa-2.1-api-1.0.0.Final.jar:/home/riku/.m2/repository/org/javassist/javassist/3.22.0-CR2/javassist-3.22.0-CR2.jar:/home/riku/.m2/repository/antlr/antlr/2.7.7/antlr-2.7.7.jar:/home/riku/.m2/repository/org/jboss/jandex/2.0.3.Final/jandex-2.0.3.Final.jar:/home/riku/.m2/repository/dom4j/dom4j/1.6.1/dom4j-1.6.1.jar:/home/riku/.m2/repository/org/hibernate/common/hibernate-commons-annotations/5.0.1.Final/hibernate-commons-annotations-5.0.1.Final.jar:/home/riku/.m2/repository/javax/transaction/javax.transaction-api/1.2/javax.transaction-api-1.2.jar:/home/riku/.m2/repository/org/springframework/data/spring-data-jpa/2.0.2.RELEASE/spring-data-jpa-2.0.2.RELEASE.jar:/home/riku/.m2/repository/org/springframework/data/spring-data-commons/2.0.2.RELEASE/spring-data-commons-2.0.2.RELEASE.jar:/home/riku/.m2/repository/org/springframework/spring-orm/5.0.2.RELEASE/spring-orm-5.0.2.RELEASE.jar:/home/riku/.m2/repository/org/springframework/spring-tx/5.0.2.RELEASE/spring-tx-5.0.2.RELEASE.jar:/home/riku/.m2/repository/org/springframework/spring-aspects/5.0.2.RELEASE/spring-aspects-5.0.2.RELEASE.jar:/home/riku/.m2/repository/com/h2database/h2/1.4.196/h2-1.4.196.jar:/home/riku/.m2/repository/org/springframework/boot/spring-boot-devtools/2.0.0.M7/spring-boot-devtools-2.0.0.M7.jar:/home/riku/.m2/repository/org/springframework/boot/spring-boot/2.0.0.M7/spring-boot-2.0.0.M7.jar:/home/riku/.m2/repository/org/springframework/boot/spring-boot-autoconfigure/2.0.0.M7/spring-boot-autoconfigure-2.0.0.M7.jar:/home/riku/.m2/repository/org/projectlombok/lombok/1.16.18/lombok-1.16.18.jar:/home/riku/.m2/repository/org/springframework/boot/spring-boot-starter-test/2.0.0.M7/spring-boot-starter-test-2.0.0.M7.jar:/home/riku/.m2/repository/org/springframework/boot/spring-boot-test/2.0.0.M7/spring-boot-test-2.0.0.M7.jar:/home/riku/.m2/repository/org/springframework/boot/spring-boot-test-autoconfigure/2.0.0.M7/spring-boot-test-autoconfigure-2.0.0.M7.jar:/home/riku/.m2/repository/com/jayway/jsonpath/json-path/2.4.0/json-path-2.4.0.jar:/home/riku/.m2/repository/net/minidev/json-smart/2.3/json-smart-2.3.jar:/home/riku/.m2/repository/net/minidev/accessors-smart/1.2/accessors-smart-1.2.jar:/home/riku/.m2/repository/org/ow2/asm/asm/5.0.4/asm-5.0.4.jar:/home/riku/.m2/repository/junit/junit/4.12/junit-4.12.jar:/home/riku/.m2/repository/org/assertj/assertj-core/3.8.0/assertj-core-3.8.0.jar:/home/riku/.m2/repository/org/mockito/mockito-core/2.12.0/mockito-core-2.12.0.jar:/home/riku/.m2/repository/net/bytebuddy/byte-buddy/1.7.9/byte-buddy-1.7.9.jar:/home/riku/.m2/repository/net/bytebuddy/byte-buddy-agent/1.7.9/byte-buddy-agent-1.7.9.jar:/home/riku/.m2/repository/org/objenesis/objenesis/2.6/objenesis-2.6.jar:/home/riku/.m2/repository/org/hamcrest/hamcrest-core/1.3/hamcrest-core-1.3.jar:/home/riku/.m2/repository/org/hamcrest/hamcrest-library/1.3/hamcrest-library-1.3.jar:/home/riku/.m2/repository/org/skyscreamer/jsonassert/1.5.0/jsonassert-1.5.0.jar:/home/riku/.m2/repository/com/vaadin/external/google/android-json/0.0.20131108.vaadin1/android-json-0.0.20131108.vaadin1.jar:/home/riku/.m2/repository/org/springframework/spring-core/5.0.2.RELEASE/spring-core-5.0.2.RELEASE.jar:/home/riku/.m2/repository/org/springframework/spring-jcl/5.0.2.RELEASE/spring-jcl-5.0.2.RELEASE.jar:/home/riku/.m2/repository/org/springframework/spring-test/5.0.2.RELEASE/spring-test-5.0.2.RELEASE.jar:/home/riku/.m2/repository/org/xmlunit/xmlunit-core/2.5.1/xmlunit-core-2.5.1.jar:/home/riku/.m2/repository/fi/helsinki/cs/tmc/edu-test-utils/0.4.2/edu-test-utils-0.4.2.jar:/home/riku/.m2/repository/org/fluentlenium/fluentlenium-core/3.4.1/fluentlenium-core-3.4.1.jar:/home/riku/.m2/repository/org/seleniumhq/selenium/selenium-support/3.7.1/selenium-support-3.7.1.jar:/home/riku/.m2/repository/org/apache/commons/commons-exec/1.3/commons-exec-1.3.jar:/home/riku/.m2/repository/commons-codec/commons-codec/1.11/commons-codec-1.11.jar:/home/riku/.m2/repository/com/google/code/gson/gson/2.8.2/gson-2.8.2.jar:/home/riku/.m2/repository/com/google/guava/guava/23.0/guava-23.0.jar:/home/riku/.m2/repository/com/google/code/findbugs/jsr305/1.3.9/jsr305-1.3.9.jar:/home/riku/.m2/repository/com/google/errorprone/error_prone_annotations/2.0.18/error_prone_annotations-2.0.18.jar:/home/riku/.m2/repository/com/google/j2objc/j2objc-annotations/1.1/j2objc-annotations-1.1.jar:/home/riku/.m2/repository/org/codehaus/mojo/animal-sniffer-annotations/1.14/animal-sniffer-annotations-1.14.jar:/home/riku/.m2/repository/org/apache/httpcomponents/httpclient/4.5.3/httpclient-4.5.3.jar:/home/riku/.m2/repository/org/apache/httpcomponents/httpcore/4.4.8/httpcore-4.4.8.jar:/home/riku/.m2/repository/org/seleniumhq/selenium/selenium-api/3.7.1/selenium-api-3.7.1.jar:/home/riku/.m2/repository/org/seleniumhq/selenium/selenium-remote-driver/3.7.1/selenium-remote-driver-3.7.1.jar:/home/riku/.m2/repository/org/atteo/classindex/classindex/3.4/classindex-3.4.jar:/home/riku/.m2/repository/commons-io/commons-io/2.5/commons-io-2.5.jar:/home/riku/.m2/repository/org/apache/commons/commons-lang3/3.7/commons-lang3-3.7.jar:/home/riku/.m2/repository/org/fluentlenium/fluentlenium-junit/3.4.1/fluentlenium-junit-3.4.1.jar:/home/riku/.m2/repository/org/fluentlenium/fluentlenium-assertj/3.4.1/fluentlenium-assertj-3.4.1.jar:/home/riku/.m2/repository/org/seleniumhq/selenium/htmlunit-driver/2.28.2/htmlunit-driver-2.28.2.jar:/home/riku/.m2/repository/net/sourceforge/htmlunit/htmlunit/2.28/htmlunit-2.28.jar:/home/riku/.m2/repository/xalan/xalan/2.7.2/xalan-2.7.2.jar:/home/riku/.m2/repository/xalan/serializer/2.7.2/serializer-2.7.2.jar:/home/riku/.m2/repository/org/apache/commons/commons-text/1.1/commons-text-1.1.jar:/home/riku/.m2/repository/org/apache/httpcomponents/httpmime/4.5.3/httpmime-4.5.3.jar:/home/riku/.m2/repository/net/sourceforge/htmlunit/htmlunit-core-js/2.28/htmlunit-core-js-2.28.jar:/home/riku/.m2/repository/net/sourceforge/htmlunit/neko-htmlunit/2.28/neko-htmlunit-2.28.jar:/home/riku/.m2/repository/xerces/xercesImpl/2.11.0/xercesImpl-2.11.0.jar:/home/riku/.m2/repository/xml-apis/xml-apis/1.4.01/xml-apis-1.4.01.jar:/home/riku/.m2/repository/net/sourceforge/cssparser/cssparser/0.9.24/cssparser-0.9.24.jar:/home/riku/.m2/repository/org/w3c/css/sac/1.3/sac-1.3.jar:/home/riku/.m2/repository/commons-net/commons-net/3.6/commons-net-3.6.jar:/home/riku/.m2/repository/org/eclipse/jetty/websocket/websocket-client/9.4.7.v20170914/websocket-client-9.4.7.v20170914.jar:/home/riku/.m2/repository/org/eclipse/jetty/jetty-client/9.4.7.v20170914/jetty-client-9.4.7.v20170914.jar:/home/riku/.m2/repository/org/eclipse/jetty/jetty-http/9.4.7.v20170914/jetty-http-9.4.7.v20170914.jar:/home/riku/.m2/repository/org/eclipse/jetty/jetty-xml/9.4.7.v20170914/jetty-xml-9.4.7.v20170914.jar:/home/riku/.m2/repository/org/eclipse/jetty/jetty-util/9.4.7.v20170914/jetty-util-9.4.7.v20170914.jar:/home/riku/.m2/repository/org/eclipse/jetty/jetty-io/9.4.7.v20170914/jetty-io-9.4.7.v20170914.jar:/home/riku/.m2/repository/org/eclipse/jetty/websocket/websocket-common/9.4.7.v20170914/websocket-common-9.4.7.v20170914.jar:/home/riku/.m2/repository/org/eclipse/jetty/websocket/websocket-api/9.4.7.v20170914/websocket-api-9.4.7.v20170914.jar:, java.specification.name=Java Platform API Specification, java.class.version=52.0, sun.management.compiler=HotSpot 64-Bit Tiered Compilers, os.version=4.10.0-40-generic, user.home=/home/riku, user.timezone=Europe/Helsinki, java.awt.printerjob=sun.print.PSPrinterJob, file.encoding=UTF-8, java.specification.version=1.8, java.class.path=/home/riku/NetBeansProjects/Wepa-harjoitustyö/target/test-classes:/home/riku/NetBeansProjects/Wepa-harjoitustyö/target/classes:/home/riku/.m2/repository/org/springframework/boot/spring-boot-starter-web/2.0.0.M7/spring-boot-starter-web-2.0.0.M7.jar:/home/riku/.m2/repository/org/springframework/boot/spring-boot-starter/2.0.0.M7/spring-boot-starter-2.0.0.M7.jar:/home/riku/.m2/repository/org/springframework/boot/spring-boot-starter-logging/2.0.0.M7/spring-boot-starter-logging-2.0.0.M7.jar:/home/riku/.m2/repository/ch/qos/logback/logback-classic/1.2.3/logback-classic-1.2.3.jar:/home/riku/.m2/repository/ch/qos/logback/logback-core/1.2.3/logback-core-1.2.3.jar:/home/riku/.m2/repository/org/apache/logging/log4j/log4j-to-slf4j/2.10.0/log4j-to-slf4j-2.10.0.jar:/home/riku/.m2/repository/org/apache/logging/log4j/log4j-api/2.10.0/log4j-api-2.10.0.jar:/home/riku/.m2/repository/org/slf4j/jul-to-slf4j/1.7.25/jul-to-slf4j-1.7.25.jar:/home/riku/.m2/repository/javax/annotation/javax.annotation-api/1.3.1/javax.annotation-api-1.3.1.jar:/home/riku/.m2/repository/org/yaml/snakeyaml/1.19/snakeyaml-1.19.jar:/home/riku/.m2/repository/org/springframework/boot/spring-boot-starter-json/2.0.0.M7/spring-boot-starter-json-2.0.0.M7.jar:/home/riku/.m2/repository/com/fasterxml/jackson/core/jackson-databind/2.9.2/jackson-databind-2.9.2.jar:/home/riku/.m2/repository/com/fasterxml/jackson/core/jackson-annotations/2.9.0/jackson-annotations-2.9.0.jar:/home/riku/.m2/repository/com/fasterxml/jackson/core/jackson-core/2.9.2/jackson-core-2.9.2.jar:/home/riku/.m2/repository/com/fasterxml/jackson/datatype/jackson-datatype-jdk8/2.9.2/jackson-datatype-jdk8-2.9.2.jar:/home/riku/.m2/repository/com/fasterxml/jackson/datatype/jackson-datatype-jsr310/2.9.2/jackson-datatype-jsr310-2.9.2.jar:/home/riku/.m2/repository/com/fasterxml/jackson/module/jackson-module-parameter-names/2.9.2/jackson-module-parameter-names-2.9.2.jar:/home/riku/.m2/repository/org/springframework/boot/spring-boot-starter-tomcat/2.0.0.M7/spring-boot-starter-tomcat-2.0.0.M7.jar:/home/riku/.m2/repository/org/apache/tomcat/embed/tomcat-embed-core/8.5.23/tomcat-embed-core-8.5.23.jar:/home/riku/.m2/repository/org/apache/tomcat/tomcat-annotations-api/8.5.23/tomcat-annotations-api-8.5.23.jar:/home/riku/.m2/repository/org/apache/tomcat/embed/tomcat-embed-el/8.5.23/tomcat-embed-el-8.5.23.jar:/home/riku/.m2/repository/org/apache/tomcat/embed/tomcat-embed-websocket/8.5.23/tomcat-embed-websocket-8.5.23.jar:/home/riku/.m2/repository/org/hibernate/validator/hibernate-validator/6.0.5.Final/hibernate-validator-6.0.5.Final.jar:/home/riku/.m2/repository/javax/validation/validation-api/2.0.0.Final/validation-api-2.0.0.Final.jar:/home/riku/.m2/repository/org/jboss/logging/jboss-logging/3.3.1.Final/jboss-logging-3.3.1.Final.jar:/home/riku/.m2/repository/com/fasterxml/classmate/1.3.4/classmate-1.3.4.jar:/home/riku/.m2/repository/org/springframework/spring-web/5.0.2.RELEASE/spring-web-5.0.2.RELEASE.jar:/home/riku/.m2/repository/org/springframework/spring-beans/5.0.2.RELEASE/spring-beans-5.0.2.RELEASE.jar:/home/riku/.m2/repository/org/springframework/spring-webmvc/5.0.2.RELEASE/spring-webmvc-5.0.2.RELEASE.jar:/home/riku/.m2/repository/org/springframework/spring-aop/5.0.2.RELEASE/spring-aop-5.0.2.RELEASE.jar:/home/riku/.m2/repository/org/springframework/spring-context/5.0.2.RELEASE/spring-context-5.0.2.RELEASE.jar:/home/riku/.m2/repository/org/springframework/spring-expression/5.0.2.RELEASE/spring-expression-5.0.2.RELEASE.jar:/home/riku/.m2/repository/org/springframework/boot/spring-boot-starter-thymeleaf/2.0.0.M7/spring-boot-starter-thymeleaf-2.0.0.M7.jar:/home/riku/.m2/repository/org/thymeleaf/thymeleaf-spring5/3.0.9.RELEASE/thymeleaf-spring5-3.0.9.RELEASE.jar:/home/riku/.m2/repository/org/thymeleaf/thymeleaf/3.0.9.RELEASE/thymeleaf-3.0.9.RELEASE.jar:/home/riku/.m2/repository/org/attoparser/attoparser/2.0.4.RELEASE/attoparser-2.0.4.RELEASE.jar:/home/riku/.m2/repository/org/unbescape/unbescape/1.1.5.RELEASE/unbescape-1.1.5.RELEASE.jar:/home/riku/.m2/repository/org/slf4j/slf4j-api/1.7.25/slf4j-api-1.7.25.jar:/home/riku/.m2/repository/org/thymeleaf/extras/thymeleaf-extras-java8time/3.0.1.RELEASE/thymeleaf-extras-java8time-3.0.1.RELEASE.jar:/home/riku/.m2/repository/org/springframework/boot/spring-boot-starter-data-jpa/2.0.0.M7/spring-boot-starter-data-jpa-2.0.0.M7.jar:/home/riku/.m2/repository/org/springframework/boot/spring-boot-starter-aop/2.0.0.M7/spring-boot-starter-aop-2.0.0.M7.jar:/home/riku/.m2/repository/org/aspectj/aspectjweaver/1.8.13/aspectjweaver-1.8.13.jar:/home/riku/.m2/repository/org/springframework/boot/spring-boot-starter-jdbc/2.0.0.M7/spring-boot-starter-jdbc-2.0.0.M7.jar:/home/riku/.m2/repository/com/zaxxer/HikariCP/2.7.4/HikariCP-2.7.4.jar:/home/riku/.m2/repository/org/springframework/spring-jdbc/5.0.2.RELEASE/spring-jdbc-5.0.2.RELEASE.jar:/home/riku/.m2/repository/org/hibernate/hibernate-core/5.2.12.Final/hibernate-core-5.2.12.Final.jar:/home/riku/.m2/repository/org/hibernate/javax/persistence/hibernate-jpa-2.1-api/1.0.0.Final/hibernate-jpa-2.1-api-1.0.0.Final.jar:/home/riku/.m2/repository/org/javassist/javassist/3.22.0-CR2/javassist-3.22.0-CR2.jar:/home/riku/.m2/repository/antlr/antlr/2.7.7/antlr-2.7.7.jar:/home/riku/.m2/repository/org/jboss/jandex/2.0.3.Final/jandex-2.0.3.Final.jar:/home/riku/.m2/repository/dom4j/dom4j/1.6.1/dom4j-1.6.1.jar:/home/riku/.m2/repository/org/hibernate/common/hibernate-commons-annotations/5.0.1.Final/hibernate-commons-annotations-5.0.1.Final.jar:/home/riku/.m2/repository/javax/transaction/javax.transaction-api/1.2/javax.transaction-api-1.2.jar:/home/riku/.m2/repository/org/springframework/data/spring-data-jpa/2.0.2.RELEASE/spring-data-jpa-2.0.2.RELEASE.jar:/home/riku/.m2/repository/org/springframework/data/spring-data-commons/2.0.2.RELEASE/spring-data-commons-2.0.2.RELEASE.jar:/home/riku/.m2/repository/org/springframework/spring-orm/5.0.2.RELEASE/spring-orm-5.0.2.RELEASE.jar:/home/riku/.m2/repository/org/springframework/spring-tx/5.0.2.RELEASE/spring-tx-5.0.2.RELEASE.jar:/home/riku/.m2/repository/org/springframework/spring-aspects/5.0.2.RELEASE/spring-aspects-5.0.2.RELEASE.jar:/home/riku/.m2/repository/com/h2database/h2/1.4.196/h2-1.4.196.jar:/home/riku/.m2/repository/org/springframework/boot/spring-boot-devtools/2.0.0.M7/spring-boot-devtools-2.0.0.M7.jar:/home/riku/.m2/repository/org/springframework/boot/spring-boot/2.0.0.M7/spring-boot-2.0.0.M7.jar:/home/riku/.m2/repository/org/springframework/boot/spring-boot-autoconfigure/2.0.0.M7/spring-boot-autoconfigure-2.0.0.M7.jar:/home/riku/.m2/repository/org/projectlombok/lombok/1.16.18/lombok-1.16.18.jar:/home/riku/.m2/repository/org/springframework/boot/spring-boot-starter-test/2.0.0.M7/spring-boot-starter-test-2.0.0.M7.jar:/home/riku/.m2/repository/org/springframework/boot/spring-boot-test/2.0.0.M7/spring-boot-test-2.0.0.M7.jar:/home/riku/.m2/repository/org/springframework/boot/spring-boot-test-autoconfigure/2.0.0.M7/spring-boot-test-autoconfigure-2.0.0.M7.jar:/home/riku/.m2/repository/com/jayway/jsonpath/json-path/2.4.0/json-path-2.4.0.jar:/home/riku/.m2/repository/net/minidev/json-smart/2.3/json-smart-2.3.jar:/home/riku/.m2/repository/net/minidev/accessors-smart/1.2/accessors-smart-1.2.jar:/home/riku/.m2/repository/org/ow2/asm/asm/5.0.4/asm-5.0.4.jar:/home/riku/.m2/repository/junit/junit/4.12/junit-4.12.jar:/home/riku/.m2/repository/org/assertj/assertj-core/3.8.0/assertj-core-3.8.0.jar:/home/riku/.m2/repository/org/mockito/mockito-core/2.12.0/mockito-core-2.12.0.jar:/home/riku/.m2/repository/net/bytebuddy/byte-buddy/1.7.9/byte-buddy-1.7.9.jar:/home/riku/.m2/repository/net/bytebuddy/byte-buddy-agent/1.7.9/byte-buddy-agent-1.7.9.jar:/home/riku/.m2/repository/org/objenesis/objenesis/2.6/objenesis-2.6.jar:/home/riku/.m2/repository/org/hamcrest/hamcrest-core/1.3/hamcrest-core-1.3.jar:/home/riku/.m2/repository/org/hamcrest/hamcrest-library/1.3/hamcrest-library-1.3.jar:/home/riku/.m2/repository/org/skyscreamer/jsonassert/1.5.0/jsonassert-1.5.0.jar:/home/riku/.m2/repository/com/vaadin/external/google/android-json/0.0.20131108.vaadin1/android-json-0.0.20131108.vaadin1.jar:/home/riku/.m2/repository/org/springframework/spring-core/5.0.2.RELEASE/spring-core-5.0.2.RELEASE.jar:/home/riku/.m2/repository/org/springframework/spring-jcl/5.0.2.RELEASE/spring-jcl-5.0.2.RELEASE.jar:/home/riku/.m2/repository/org/springframework/spring-test/5.0.2.RELEASE/spring-test-5.0.2.RELEASE.jar:/home/riku/.m2/repository/org/xmlunit/xmlunit-core/2.5.1/xmlunit-core-2.5.1.jar:/home/riku/.m2/repository/fi/helsinki/cs/tmc/edu-test-utils/0.4.2/edu-test-utils-0.4.2.jar:/home/riku/.m2/repository/org/fluentlenium/fluentlenium-core/3.4.1/fluentlenium-core-3.4.1.jar:/home/riku/.m2/repository/org/seleniumhq/selenium/selenium-support/3.7.1/selenium-support-3.7.1.jar:/home/riku/.m2/repository/org/apache/commons/commons-exec/1.3/commons-exec-1.3.jar:/home/riku/.m2/repository/commons-codec/commons-codec/1.11/commons-codec-1.11.jar:/home/riku/.m2/repository/com/google/code/gson/gson/2.8.2/gson-2.8.2.jar:/home/riku/.m2/repository/com/google/guava/guava/23.0/guava-23.0.jar:/home/riku/.m2/repository/com/google/code/findbugs/jsr305/1.3.9/jsr305-1.3.9.jar:/home/riku/.m2/repository/com/google/errorprone/error_prone_annotations/2.0.18/error_prone_annotations-2.0.18.jar:/home/riku/.m2/repository/com/google/j2objc/j2objc-annotations/1.1/j2objc-annotations-1.1.jar:/home/riku/.m2/repository/org/codehaus/mojo/animal-sniffer-annotations/1.14/animal-sniffer-annotations-1.14.jar:/home/riku/.m2/repository/org/apache/httpcomponents/httpclient/4.5.3/httpclient-4.5.3.jar:/home/riku/.m2/repository/org/apache/httpcomponents/httpcore/4.4.8/httpcore-4.4.8.jar:/home/riku/.m2/repository/org/seleniumhq/selenium/selenium-api/3.7.1/selenium-api-3.7.1.jar:/home/riku/.m2/repository/org/seleniumhq/selenium/selenium-remote-driver/3.7.1/selenium-remote-driver-3.7.1.jar:/home/riku/.m2/repository/org/atteo/classindex/classindex/3.4/classindex-3.4.jar:/home/riku/.m2/repository/commons-io/commons-io/2.5/commons-io-2.5.jar:/home/riku/.m2/repository/org/apache/commons/commons-lang3/3.7/commons-lang3-3.7.jar:/home/riku/.m2/repository/org/fluentlenium/fluentlenium-junit/3.4.1/fluentlenium-junit-3.4.1.jar:/home/riku/.m2/repository/org/fluentlenium/fluentlenium-assertj/3.4.1/fluentlenium-assertj-3.4.1.jar:/home/riku/.m2/repository/org/seleniumhq/selenium/htmlunit-driver/2.28.2/htmlunit-driver-2.28.2.jar:/home/riku/.m2/repository/net/sourceforge/htmlunit/htmlunit/2.28/htmlunit-2.28.jar:/home/riku/.m2/repository/xalan/xalan/2.7.2/xalan-2.7.2.jar:/home/riku/.m2/repository/xalan/serializer/2.7.2/serializer-2.7.2.jar:/home/riku/.m2/repository/org/apache/commons/commons-text/1.1/commons-text-1.1.jar:/home/riku/.m2/repository/org/apache/httpcomponents/httpmime/4.5.3/httpmime-4.5.3.jar:/home/riku/.m2/repository/net/sourceforge/htmlunit/htmlunit-core-js/2.28/htmlunit-core-js-2.28.jar:/home/riku/.m2/repository/net/sourceforge/htmlunit/neko-htmlunit/2.28/neko-htmlunit-2.28.jar:/home/riku/.m2/repository/xerces/xercesImpl/2.11.0/xercesImpl-2.11.0.jar:/home/riku/.m2/repository/xml-apis/xml-apis/1.4.01/xml-apis-1.4.01.jar:/home/riku/.m2/repository/net/sourceforge/cssparser/cssparser/0.9.24/cssparser-0.9.24.jar:/home/riku/.m2/repository/org/w3c/css/sac/1.3/sac-1.3.jar:/home/riku/.m2/repository/commons-net/commons-net/3.6/commons-net-3.6.jar:/home/riku/.m2/repository/org/eclipse/jetty/websocket/websocket-client/9.4.7.v20170914/websocket-client-9.4.7.v20170914.jar:/home/riku/.m2/repository/org/eclipse/jetty/jetty-client/9.4.7.v20170914/jetty-client-9.4.7.v20170914.jar:/home/riku/.m2/repository/org/eclipse/jetty/jetty-http/9.4.7.v20170914/jetty-http-9.4.7.v20170914.jar:/home/riku/.m2/repository/org/eclipse/jetty/jetty-xml/9.4.7.v20170914/jetty-xml-9.4.7.v20170914.jar:/home/riku/.m2/repository/org/eclipse/jetty/jetty-util/9.4.7.v20170914/jetty-util-9.4.7.v20170914.jar:/home/riku/.m2/repository/org/eclipse/jetty/jetty-io/9.4.7.v20170914/jetty-io-9.4.7.v20170914.jar:/home/riku/.m2/repository/org/eclipse/jetty/websocket/websocket-common/9.4.7.v20170914/websocket-common-9.4.7.v20170914.jar:/home/riku/.m2/repository/org/eclipse/jetty/websocket/websocket-api/9.4.7.v20170914/websocket-api-9.4.7.v20170914.jar:, user.name=riku, java.vm.specification.version=1.8, sun.java.command=/home/riku/NetBeansProjects/Wepa-harjoitustyö/target/surefire/surefirebooter3153450913529194743.jar /home/riku/NetBeansProjects/Wepa-harjoitustyö/target/surefire 2017-12-11T21-05-42_568-jvmRun1 surefire1364697965215566843tmp surefire_05684051794704623935tmp, java.home=/usr/lib/jvm/java-8-oracle/jre, sun.arch.data.model=64, user.language=en, java.specification.vendor=Oracle Corporation, awt.toolkit=sun.awt.X11.XToolkit, java.vm.info=mixed mode, java.version=1.8.0_151, java.ext.dirs=/usr/lib/jvm/java-8-oracle/jre/lib/ext:/usr/java/packages/lib/ext, sun.boot.class.path=/usr/lib/jvm/java-8-oracle/jre/lib/resources.jar:/usr/lib/jvm/java-8-oracle/jre/lib/rt.jar:/usr/lib/jvm/java-8-oracle/jre/lib/sunrsasign.jar:/usr/lib/jvm/java-8-oracle/jre/lib/jsse.jar:/usr/lib/jvm/java-8-oracle/jre/lib/jce.jar:/usr/lib/jvm/java-8-oracle/jre/lib/charsets.jar:/usr/lib/jvm/java-8-oracle/jre/lib/jfr.jar:/usr/lib/jvm/java-8-oracle/jre/classes, java.vendor=Oracle Corporation, localRepository=/home/riku/.m2/repository, file.separator=/, java.vendor.url.bug=http://bugreport.sun.com/bugreport/, sun.io.unicode.encoding=UnicodeLittle, sun.cpu.endian=little, sun.desktop=gnome, sun.cpu.isalist=}}, SystemEnvironmentPropertySource@1054932644 {name='systemEnvironment', properties={PATH=/home/riku/.node_modules_global/bin:/home/riku/bin:/home/riku/.local/bin:/usr/local/sbin:/usr/local/bin:/usr/sbin:/usr/bin:/sbin:/bin:/usr/games:/usr/local/games:/snap/bin:/usr/lib/jvm/java-8-oracle/bin:/usr/lib/jvm/java-8-oracle/db/bin:/usr/lib/jvm/java-8-oracle/jre/bin, LC_MEASUREMENT=fi_FI.UTF-8, XAUTHORITY=/home/riku/.Xauthority, XMODIFIERS=@im=ibus, LC_TELEPHONE=fi_FI.UTF-8, XDG_DATA_DIRS=/usr/share/ubuntu:/usr/share/gnome:/usr/local/share/:/usr/share/:/var/lib/snapd/desktop, GDMSESSION=ubuntu, MANDATORY_PATH=/usr/share/gconf/ubuntu.mandatory.path, LC_TIME=fi_FI.UTF-8, GTK_IM_MODULE=ibus, DBUS_SESSION_BUS_ADDRESS=unix:abstract=/tmp/dbus-ZlQogGkc2q, DEFAULTS_PATH=/usr/share/gconf/ubuntu.default.path, XDG_CURRENT_DESKTOP=Unity, NB_EXEC_MAVEN_PROCESS_UUID=2b5049b6-c5d1-4002-aeb0-60cf76b576a0, LD_LIBRARY_PATH=/usr/lib/jvm/java-8-oracle/bin/../jre/lib/amd64:/usr/lib/jvm/java-8-oracle/bin/../jre/lib/i386:, UPSTART_SESSION=unix:abstract=/com/ubuntu/upstart-session/1000/1560, QT4_IM_MODULE=xim, LC_PAPER=fi_FI.UTF-8, QT_LINUX_ACCESSIBILITY_ALWAYS_ON=1, LOGNAME=riku, JOB=unity-settings-daemon, PWD=/home/riku/NetBeansProjects/Wepa-harjoitustyö, DERBY_HOME=/usr/lib/jvm/java-8-oracle/db, IM_CONFIG_PHASE=1, LANGUAGE=en_US, SHELL=/bin/bash, LC_ADDRESS=fi_FI.UTF-8, GIO_LAUNCHED_DESKTOP_FILE=/home/riku/.local/share/applications/tmcbeans.desktop, GTK2_MODULES=overlay-scrollbar, INSTANCE=, J2SDKDIR=/usr/lib/jvm/java-8-oracle, OLDPWD=/home/riku/NetBeansProjects/Wepa-harjoitustyö, GNOME_DESKTOP_SESSION_ID=this-is-deprecated, UPSTART_INSTANCE=, GTK_MODULES=gail:atk-bridge:unity-gtk-module, J2REDIR=/usr/lib/jvm/java-8-oracle/jre, CLUTTER_IM_MODULE=xim, XDG_SESSION_PATH=/org/freedesktop/DisplayManager/Session0, M2_HOME=/home/riku/tmc/java/maven, COMPIZ_BIN_PATH=/usr/bin/, SESSIONTYPE=gnome-session, XDG_SESSION_DESKTOP=ubuntu, SHLVL=1, LC_IDENTIFICATION=fi_FI.UTF-8, J2D_PIXMAPS=shared, LC_MONETARY=fi_FI.UTF-8, COMPIZ_CONFIG_PROFILE=ubuntu, QT_IM_MODULE=ibus, UPSTART_JOB=unity7, JAVA_HOME=/usr/lib/jvm/java-8-oracle, XDG_CONFIG_DIRS=/etc/xdg/xdg-ubuntu:/usr/share/upstart/xdg:/etc/xdg, XFILESEARCHPATH=/usr/dt/app-defaults/%L/Dt, LANG=en_US.UTF-8, GNOME_KEYRING_CONTROL=, XDG_SEAT_PATH=/org/freedesktop/DisplayManager/Seat0, XDG_SESSION_ID=c2, XDG_SESSION_TYPE=x11, DISPLAY=:0, LC_NAME=fi_FI.UTF-8, _=/usr/lib/jvm/java-8-oracle/bin/java, GDM_LANG=en_US, XDG_GREETER_DATA_DIR=/var/lib/lightdm-data/riku, UPSTART_EVENTS=xsession started, GPG_AGENT_INFO=/home/riku/.gnupg/S.gpg-agent:0:1, DESKTOP_SESSION=ubuntu, SESSION=ubuntu, USER=riku, GIO_LAUNCHED_DESKTOP_FILE_PID=2724, QT_ACCESSIBILITY=1, LC_NUMERIC=fi_FI.UTF-8, SSH_AUTH_SOCK=/run/user/1000/keyring/ssh, XDG_SEAT=seat0, NLSPATH=/usr/dt/lib/nls/msg/%L/%N.cat, QT_QPA_PLATFORMTHEME=appmenu-qt5, XDG_VTNR=7, XDG_RUNTIME_DIR=/run/user/1000, HOME=/home/riku, GNOME_KEYRING_PID=}}]
21:05:44.331 [main] DEBUG org.springframework.core.io.support.PathMatchingResourcePatternResolver - Resolved classpath location [wad/tododatabase/] to resources [URL [file:/home/riku/NetBeansProjects/Wepa-harjoitusty%C3%B6/target/test-classes/wad/tododatabase/]]
21:05:44.332 [main] DEBUG org.springframework.core.io.support.PathMatchingResourcePatternResolver - Looking for matching resources in directory tree [/home/riku/NetBeansProjects/Wepa-harjoitustyö/target/test-classes/wad/tododatabase]
21:05:44.332 [main] DEBUG org.springframework.core.io.support.PathMatchingResourcePatternResolver - Searching directory [/home/riku/NetBeansProjects/Wepa-harjoitustyö/target/test-classes/wad/tododatabase] for files matching pattern [/home/riku/NetBeansProjects/Wepa-harjoitustyö/target/test-classes/wad/tododatabase/*.class]
21:05:44.336 [main] DEBUG org.springframework.core.io.support.PathMatchingResourcePatternResolver - Resolved location pattern [classpath*:wad/tododatabase/*.class] to resources [file [/home/riku/NetBeansProjects/Wepa-harjoitustyö/target/test-classes/wad/tododatabase/TodoDatabaseTest.class]]
21:05:44.367 [main] DEBUG org.springframework.core.io.support.PathMatchingResourcePatternResolver - Resolved classpath location [wad/] to resources [URL [file:/home/riku/NetBeansProjects/Wepa-harjoitusty%C3%B6/target/test-classes/wad/], URL [file:/home/riku/NetBeansProjects/Wepa-harjoitusty%C3%B6/target/classes/wad/]]
21:05:44.368 [main] DEBUG org.springframework.core.io.support.PathMatchingResourcePatternResolver - Looking for matching resources in directory tree [/home/riku/NetBeansProjects/Wepa-harjoitustyö/target/test-classes/wad]
21:05:44.369 [main] DEBUG org.springframework.core.io.support.PathMatchingResourcePatternResolver - Searching directory [/home/riku/NetBeansProjects/Wepa-harjoitustyö/target/test-classes/wad] for files matching pattern [/home/riku/NetBeansProjects/Wepa-harjoitustyö/target/test-classes/wad/*.class]
21:05:44.369 [main] DEBUG org.springframework.core.io.support.PathMatchingResourcePatternResolver - Looking for matching resources in directory tree [/home/riku/NetBeansProjects/Wepa-harjoitustyö/target/classes/wad]
21:05:44.369 [main] DEBUG org.springframework.core.io.support.PathMatchingResourcePatternResolver - Searching directory [/home/riku/NetBeansProjects/Wepa-harjoitustyö/target/classes/wad] for files matching pattern [/home/riku/NetBeansProjects/Wepa-harjoitustyö/target/classes/wad/*.class]
21:05:44.370 [main] DEBUG org.springframework.core.io.support.PathMatchingResourcePatternResolver - Resolved location pattern [classpath*:wad/*.class] to resources []
]]></system-out>
  </testcase>
</testsuite>